<?xml version="1.0" encoding="utf-8"?><testsuites name="pytest tests"><testsuite name="pytest" errors="0" failures="0" skipped="0" tests="11" time="2.072" timestamp="2026-02-01T22:19:37.900078+00:00" hostname="agent-env-899813f4-f4b6-497e-a9ea-0817f04a2e27"><testcase classname="backend.tests.test_password_reset.TestPasswordResetFeature" name="test_health_check" time="0.053" /><testcase classname="backend.tests.test_password_reset.TestPasswordResetFeature" name="test_forgot_password_with_valid_email" time="1.369" /><testcase classname="backend.tests.test_password_reset.TestPasswordResetFeature" name="test_forgot_password_with_nonexistent_email" time="0.034" /><testcase classname="backend.tests.test_password_reset.TestPasswordResetFeature" name="test_forgot_password_with_invalid_email_format" time="0.036" /><testcase classname="backend.tests.test_password_reset.TestPasswordResetFeature" name="test_verify_reset_token_invalid" time="0.036" /><testcase classname="backend.tests.test_password_reset.TestPasswordResetFeature" name="test_verify_reset_token_empty" time="0.072" /><testcase classname="backend.tests.test_password_reset.TestPasswordResetFeature" name="test_reset_password_invalid_token" time="0.038" /><testcase classname="backend.tests.test_password_reset.TestPasswordResetFeature" name="test_reset_password_missing_token" time="0.037" /><testcase classname="backend.tests.test_password_reset.TestPasswordResetFeature" name="test_reset_password_missing_password" time="0.038" /><testcase classname="backend.tests.test_password_reset.TestAuthEndpoints" name="test_login_with_valid_credentials" time="0.256" /><testcase classname="backend.tests.test_password_reset.TestAuthEndpoints" name="test_login_with_invalid_credentials" time="0.034" /></testsuite></testsuites>